<?xml version="1.0" encoding="UTF-8"?>
<!-- Generated by org.testng.reporters.JUnitReportReporter -->
<testsuite hostname="P0193533" failures="0" tests="2" name="gitpractice.RestApi" time="0.014" errors="0" timestamp="2022-12-02T10:17:34 IST" skipped="0">
  <testcase classname="gitpractice.RestApi" name="postJira" time="0.001"/>
  <system-out/>
  <testcase classname="gitpractice.RestApi" name="deleteTwitter" time="0.013"/>
  <system-out/>
</testsuite> <!-- gitpractice.RestApi -->
